<?xml version="1.0" encoding="UTF-8"?>
<testsuite name="com.moodanalyzersimulator.MoodAnalyzerTest" tests="4" skipped="0" failures="0" errors="0" timestamp="2020-05-03T14:09:17" hostname="PRABHAKAR" time="0.009">
  <properties/>
  <testcase name="givenMessage_WhenSad_ShouldReturnSAD" classname="com.moodanalyzersimulator.MoodAnalyzerTest" time="0.004"/>
  <testcase name="givenMessage_WhenHappy_ShouldReturnHappy" classname="com.moodanalyzersimulator.MoodAnalyzerTest" time="0.0"/>
  <testcase name="givenMessage_WhenEmpty_ShouldReturnEmptyMessage" classname="com.moodanalyzersimulator.MoodAnalyzerTest" time="0.002"/>
  <testcase name="givenMessage_WhenNull_ShouldReturnInvalidMessage" classname="com.moodanalyzersimulator.MoodAnalyzerTest" time="0.0"/>
  <system-out><![CDATA[]]></system-out>
  <system-err><![CDATA[]]></system-err>
</testsuite>
